2026-03-31 07:58:00,891 - services.spotify_services - INFO - Initializing SpotifyServices...
2026-03-31 07:58:38,951 - services.spotify_services - INFO - Initializing SpotifyServices...
2026-03-31 07:58:55,256 - services.spotify_services - INFO - Initializing SpotifyServices...
2026-03-31 08:03:52,417 - services.spotify_services - INFO - SpotifyServicesb Initialized.
2026-03-31 08:03:52,417 - services.spotify_services - INFO - Getting Tracks Infos from Spotify
2026-03-31 08:04:15,856 - services.spotify_services - INFO - SpotifyServicesb Initialized.
2026-03-31 08:04:15,857 - services.spotify_services - INFO - Getting Tracks Infos from Spotify
2026-03-31 08:04:51,712 - services.spotify_services - INFO - SpotifyServicesb Initialized.
2026-03-31 08:04:51,713 - services.spotify_services - INFO - Getting Tracks Infos from Spotify
2026-03-31 08:04:51,713 - services.spotify_services - INFO - Parsing URL to get Playlist ID...
2026-03-31 08:05:08,302 - services.spotify_services - INFO - SpotifyServicesb Initialized.
2026-03-31 08:05:08,303 - services.spotify_services - INFO - Getting Tracks Infos from Spotify
2026-03-31 08:05:08,303 - services.spotify_services - INFO - Parsing URL to get Playlist ID...
2026-03-31 08:05:08,303 - services.spotify_services - INFO - Getting acces token to spotify...
2026-03-31 08:05:32,045 - services.spotify_services - INFO - SpotifyServicesb Initialized.
2026-03-31 08:05:32,045 - services.spotify_services - INFO - Parsing URL to get Playlist ID...
2026-03-31 08:05:32,045 - services.spotify_services - INFO - Getting acces token to spotify...
2026-03-31 11:22:38,823 - services.spotify_services - INFO - SpotifyServicesb Initialized.
2026-03-31 11:22:38,823 - services.spotify_services - INFO - Parsing URL to get Playlist ID...
2026-03-31 11:22:38,823 - services.spotify_services - INFO - Getting acces token to spotify...
2026-03-31 11:22:57,765 - services.spotify_services - INFO - SpotifyServicesb Initialized.
2026-03-31 11:22:57,766 - services.spotify_services - INFO - Parsing URL to get Playlist ID...
2026-03-31 11:22:57,766 - services.spotify_services - INFO - Getting acces token to spotify...
2026-03-31 11:23:07,312 - services.spotify_services - INFO - SpotifyServicesb Initialized.
2026-03-31 11:23:07,312 - services.spotify_services - INFO - Parsing URL to get Playlist ID...
2026-03-31 11:23:07,312 - services.spotify_services - INFO - Getting acces token to spotify...
2026-03-31 11:23:19,860 - services.spotify_services - INFO - SpotifyServicesb Initialized.
2026-03-31 11:23:19,860 - services.spotify_services - INFO - Parsing URL to get Playlist ID...
2026-03-31 11:23:19,860 - services.spotify_services - INFO - Getting acces token to spotify...
2026-03-31 11:24:11,416 - services.spotify_services - INFO - SpotifyServicesb Initialized.
2026-03-31 11:24:11,417 - services.spotify_services - INFO - Parsing URL to get Playlist ID...
2026-03-31 11:24:11,417 - services.spotify_services - INFO - Getting acces token to spotify...
2026-03-31 11:24:11,505 - services.spotify_services - INFO - Parsing URL to get Playlist ID...
2026-03-31 11:24:32,819 - services.spotify_services - INFO - SpotifyServicesb Initialized.
2026-03-31 11:24:32,819 - services.spotify_services - INFO - Parsing URL to get Playlist ID...
2026-03-31 11:24:32,819 - services.spotify_services - INFO - Getting acces token to spotify...
2026-03-31 11:24:32,883 - services.spotify_services - INFO - Parsing URL to get Playlist ID...
2026-03-31 11:24:49,477 - services.spotify_services - INFO - SpotifyServicesb Initialized.
2026-03-31 11:24:49,477 - services.spotify_services - INFO - Parsing URL to get Playlist ID...
2026-03-31 11:24:49,477 - services.spotify_services - INFO - Getting acces token to spotify...
2026-03-31 11:24:49,539 - services.spotify_services - INFO - Parsing URL to get Playlist ID...
2026-03-31 11:24:49,540 - services.spotify_services - INFO - Getting acces token to spotify...
2026-03-31 11:25:22,562 - services.spotify_services - INFO - SpotifyServicesb Initialized.
2026-03-31 11:25:22,562 - services.spotify_services - INFO - Parsing URL to get Playlist ID...
2026-03-31 11:25:22,562 - services.spotify_services - INFO - Getting acces token to spotify...
2026-03-31 11:25:22,623 - services.spotify_services - INFO - Parsing URL to get Playlist ID...
2026-03-31 11:25:22,623 - services.spotify_services - INFO - Getting acces token to spotify...
2026-03-31 11:25:39,587 - services.spotify_services - INFO - SpotifyServicesb Initialized.
2026-03-31 11:25:39,587 - services.spotify_services - INFO - Parsing URL to get Playlist ID...
2026-03-31 11:25:39,587 - services.spotify_services - INFO - Getting acces token to spotify...
2026-03-31 11:25:39,649 - services.spotify_services - INFO - Parsing URL to get Playlist ID...
2026-03-31 11:25:39,653 - services.spotify_services - INFO - Getting acces token to spotify...
2026-03-31 11:25:54,246 - services.spotify_services - INFO - SpotifyServicesb Initialized.
2026-03-31 11:25:54,246 - services.spotify_services - INFO - Parsing URL to get Playlist ID...
2026-03-31 11:25:54,247 - services.spotify_services - INFO - Getting acces token to spotify...
2026-03-31 11:25:54,312 - services.spotify_services - INFO - Parsing URL to get Playlist ID...
2026-03-31 11:25:54,313 - services.spotify_services - INFO - Getting acces token to spotify...
2026-03-31 11:26:13,615 - services.spotify_services - INFO - SpotifyServicesb Initialized.
2026-03-31 11:26:13,615 - services.spotify_services - INFO - Parsing URL to get Playlist ID...
2026-03-31 11:26:13,615 - services.spotify_services - INFO - Getting acces token to spotify...
2026-03-31 11:26:45,225 - services.spotify_services - INFO - SpotifyServicesb Initialized.
2026-03-31 11:26:45,226 - services.spotify_services - INFO - Parsing URL to get Playlist ID...
2026-03-31 11:26:45,226 - services.spotify_services - INFO - Getting acces token to spotify...
2026-03-31 11:26:45,560 - services.spotify_services - INFO - [{'artist': 'Fabbro', 'title': 'Find me', 'album': 'Find me', 'spotify_link': 'https://open.spotify.com/track/5UyKA27p36nYcMJGpAV34i', 'duration_ms': 263826, 'duration': '4:23', 'filename': 'Fabbro [Find me] Find me.wav'}, {'artist': 'Feid, Young Miko', 'title': 'CLASSY 101', 'album': 'FERXXOCALIPSIS', 'spotify_link': 'https://open.spotify.com/track/1hZsWUnLbqRw09jLAMQSsb', 'duration_ms': 195586, 'duration': '3:15', 'filename': 'Feid, Young Miko [FERXXOCALIPSIS] CLASSY 101.wav'}, {'artist': 'Grand Corps Malade, Camille Lellouche', 'title': "Mais je t'aime", 'album': 'MESDAMES deluxe', 'spotify_link': 'https://open.spotify.com/track/17NQyo1HsqDX7mbzsTWMuX', 'duration_ms': 270000, 'duration': '4:30', 'filename': "Grand Corps Malade, Camille Lellouche [MESDAMES deluxe] Mais je t'aime.wav"}, {'artist': 'HAAi, Skin On Skin, Fred again.., BEAM', 'title': 'the floor - HAAi remix', 'album': 'USB', 'spotify_link': 'https://open.spotify.com/track/2peREcwX4nIWXy4KmVXadS', 'duration_ms': 229714, 'duration': '3:49', 'filename': 'HAAi, Skin On Skin +2 [USB] the floor - HAAi remix.wav'}, {'artist': 'Hildur Guðnadóttir', 'title': 'Fólk fær andlit', 'album': 'Fólk fær andlit', 'spotify_link': 'https://open.spotify.com/track/5dYv0usr2tUu6HufKzcxio', 'duration_ms': 313150, 'duration': '5:13', 'filename': 'Hildur Gudnadottir [Folk faer andlit] Folk faer andlit.wav'}, {'artist': 'Hélène Vogelsinger', 'title': 'Reminiscence', 'album': 'Reminiscence', 'spotify_link': 'https://open.spotify.com/track/0QOMgL0YffHvljlHpjUFOF', 'duration_ms': 568411, 'duration': '9:28', 'filename': 'Helene Vogelsinger [Reminiscence] Reminiscence.wav'}, {'artist': 'Jed Kurzel', 'title': 'Horse', 'album': 'The Mustang (Original Motion Picture Soundtrack)', 'spotify_link': 'https://open.spotify.com/track/0YqC6LjsTulrDHWNzOL3l2', 'duration_ms': 197293, 'duration': '3:17', 'filename': 'Jed Kurzel [The Mustang Original Motion Picture Soundtrack] Horse.wav'}, {'artist': 'Jocelyn Pook', 'title': 'Ave Maria', 'album': 'Untold Things', 'spotify_link': 'https://open.spotify.com/track/5LzMRi9JjnhOCN8HCRi0bJ', 'duration_ms': 344960, 'duration': '5:44', 'filename': 'Jocelyn Pook [Untold Things] Ave Maria.wav'}, {'artist': 'Jocelyn Pook', 'title': 'The Wife', 'album': 'The Wife (Original Motion Picture Soundtrack)', 'spotify_link': 'https://open.spotify.com/track/57WYNt9Vm74UZij6QFj3j5', 'duration_ms': 238506, 'duration': '3:58', 'filename': 'Jocelyn Pook [The Wife Original Motion Picture Soundtrack] The Wife.wav'}, {'artist': 'Jocelyn Pook', 'title': 'Masked Ball - 1999 Extended Mix', 'album': 'Flood', 'spotify_link': 'https://open.spotify.com/track/2P9g8PWaeRkyAzvjfIEEKU', 'duration_ms': 369333, 'duration': '6:09', 'filename': 'Jocelyn Pook [Flood] Masked Ball - 1999 Extended Mix.wav'}, {'artist': 'Jocelyn Pook', 'title': 'Backwards Priests', 'album': 'Deluge', 'spotify_link': 'https://open.spotify.com/track/3ujLuig9zhPX7LiRvVZrCa', 'duration_ms': 217663, 'duration': '3:37', 'filename': 'Jocelyn Pook [Deluge] Backwards Priests.wav'}, {'artist': 'Justin Hurwitz', 'title': 'Quarantine', 'album': 'First Man (Original Motion Picture Soundtrack)', 'spotify_link': 'https://open.spotify.com/track/3c1nWxMzw76sU66l3VN9rL', 'duration_ms': 135106, 'duration': '2:15', 'filename': 'Justin Hurwitz [First Man Original Motion Picture Soundtrack] Quarantine.wav'}, {'artist': 'La Zarra', 'title': 'Johny', 'album': 'Der Himmel', 'spotify_link': 'https://open.spotify.com/track/3fojnTfw4P8KKWDXaAb0oh', 'duration_ms': 199451, 'duration': '3:19', 'filename': 'La Zarra [Der Himmel] Johny.wav'}, {'artist': 'Leblanc', 'title': 'Troublemaker', 'album': 'No Mercy', 'spotify_link': 'https://open.spotify.com/track/5eNxZaSmcV31JzWtTqXYlO', 'duration_ms': 171022, 'duration': '2:51', 'filename': 'Leblanc [No Mercy] Troublemaker.wav'}, {'artist': 'Lorenz Dangel', 'title': 'Kiss of Life', 'album': 'TIDES', 'spotify_link': 'https://open.spotify.com/track/1Ak3pzRgeE2NPW66q37Qs5', 'duration_ms': 138228, 'duration': '2:18', 'filename': 'Lorenz Dangel [TIDES] Kiss of Life.wav'}, {'artist': 'Mario Pelchat, Anne Sila', 'title': 'Je pense encore à toi', 'album': 'Duos de mes 60 ans', 'spotify_link': 'https://open.spotify.com/track/0S9oH9hF6izRJIqytPLVZG', 'duration_ms': 278568, 'duration': '4:38', 'filename': 'Mario Pelchat, Anne Sila [Duos de mes 60 ans] Je pense encore a toi.wav'}, {'artist': 'Martin Roth', 'title': 'Java', 'album': 'Ambient House', 'spotify_link': 'https://open.spotify.com/track/459WC2QJMxxbovMemQzWJv', 'duration_ms': 444841, 'duration': '7:24', 'filename': 'Martin Roth [Ambient House] Java.wav'}, {'artist': 'Natacha Atlas, Jocelyn Pook, Lalon Shah, Melanie Pappenheim, Sohini Alam, Jeremy Schonfield, Tanja Tzarovska, Leesa Gazi, Labik Kamal, Sophie Harris, Dragan Aleksic, Bulgarian Orchestra', 'title': 'Desh: Hallelujah', 'album': 'Pook: Desh', 'spotify_link': 'https://open.spotify.com/track/50xchn4XUBu6HVIEfoTMnE', 'duration_ms': 275986, 'duration': '4:35', 'filename': 'Natacha Atlas, Jocelyn Pook +10 [Pook Desh] Desh Hallelujah.wav'}, {'artist': 'Peter Ries', 'title': 'Fading Day', 'album': 'Quiet Pages', 'spotify_link': 'https://open.spotify.com/track/5j0OqwGL55Uqs8XViOUg1W', 'duration_ms': 143863, 'duration': '2:23', 'filename': 'Peter Ries [Quiet Pages] Fading Day.wav'}, {'artist': 'RAYE', 'title': 'Fly Me to the Moon', 'album': 'Fly Me to the Moon', 'spotify_link': 'https://open.spotify.com/track/4krtOcIVPlUICseg29Nnet', 'duration_ms': 191332, 'duration': '3:11', 'filename': 'RAYE [Fly Me to the Moon] Fly Me to the Moon.wav'}]
2026-03-31 19:12:30,968 - services.spotify_services - INFO - Parsing URL to get playlist ID...
2026-03-31 19:12:30,968 - services.spotify_services - INFO - Getting access token from Spotify...
2026-03-31 19:12:39,596 - services.spotify_services - INFO - Parsing URL to get playlist ID...
2026-03-31 19:12:39,596 - services.spotify_services - INFO - Getting access token from Spotify...
2026-03-31 19:20:26,091 - services.spotify_services - INFO - Parsing URL to get playlist ID...
2026-03-31 19:20:26,091 - services.spotify_services - INFO - Getting access token from Spotify...
2026-03-31 19:22:22,637 - services.spotify_services - INFO - Parsing URL to get playlist ID...
2026-03-31 19:22:22,637 - services.spotify_services - INFO - Getting access token from Spotify...
2026-03-31 19:23:15,768 - services.spotify_services - INFO - Parsing URL to get playlist ID...
2026-03-31 19:23:15,769 - services.spotify_services - INFO - Getting access token from Spotify...
2026-03-31 19:29:27,044 - services.spotify_services - INFO - Parsing URL to get playlist ID...
2026-03-31 19:29:27,044 - services.spotify_services - INFO - Getting access token from Spotify...
2026-03-31 19:41:14,152 - services.spotify_services - INFO - Parsing URL to get playlist ID...
2026-03-31 19:41:14,152 - services.spotify_services - INFO - Getting access token from Spotify...
2026-03-31 19:41:23,718 - services.spotify_services - INFO - Parsing URL to get playlist ID...
2026-03-31 19:41:23,718 - services.spotify_services - INFO - Getting access token from Spotify...
2026-03-31 19:42:49,563 - services.spotify_services - INFO - Parsing URL to get playlist ID...
2026-03-31 19:42:49,564 - services.spotify_services - INFO - Getting access token from Spotify...
2026-03-31 19:43:43,031 - services.spotify_services - INFO - Parsing URL to get playlist ID...
2026-03-31 19:43:43,031 - services.spotify_services - INFO - Getting access token from Spotify...
2026-03-31 19:52:21,945 - services.spotify_services - INFO - Parsing URL to get playlist ID...
2026-03-31 19:52:21,945 - services.spotify_services - INFO - Getting access token from Spotify...
2026-03-31 19:54:15,373 - services.spotify_services - INFO - Parsing URL to get playlist ID...
2026-03-31 19:54:15,373 - services.spotify_services - INFO - Getting access token from Spotify...
2026-03-31 19:54:59,153 - services.spotify_services - INFO - Parsing URL to get playlist ID...
2026-03-31 19:54:59,153 - services.spotify_services - INFO - Getting access token from Spotify...
2026-03-31 19:55:07,715 - services.spotify_services - INFO - Parsing URL to get playlist ID...
2026-03-31 19:55:07,715 - services.spotify_services - INFO - Getting access token from Spotify...
